<?xml version="1.0" encoding="UTF-8"?>
<testsuites>
  <testsuite name="template-generator" tests="24" assertions="38" failures="0" errors="0" time="0.151754">
    <testsuite name="NodeController_Test" file="/var/www/task_api/src/protected/tests/controllers/NodeController.php" tests="5" assertions="8" failures="0" errors="0" time="0.079167">
      <testsuite name="NodeController_Test::test_actionNodeCreate" tests="1" assertions="4" failures="0" errors="0" time="0.078077">
        <testcase name="test_actionNodeCreate with data set #0" assertions="4" time="0.078077"/>
      </testsuite>
      <testsuite name="NodeController_Test::test_actionNodeCreateFail" tests="4" assertions="4" failures="0" errors="0" time="0.001090">
        <testcase name="test_actionNodeCreateFail with data set #0" assertions="1" time="0.000393"/>
        <testcase name="test_actionNodeCreateFail with data set #1" assertions="1" time="0.000245"/>
        <testcase name="test_actionNodeCreateFail with data set #2" assertions="1" time="0.000186"/>
        <testcase name="test_actionNodeCreateFail with data set #3" assertions="1" time="0.000266"/>
      </testsuite>
    </testsuite>
    <testsuite name="NodeMomentController_Test" file="/var/www/task_api/src/protected/tests/controllers/NodeMomentController.php" tests="8" assertions="14" failures="0" errors="0" time="0.023894">
      <testsuite name="NodeMomentController_Test::test_actionNodeMomentCreate" tests="1" assertions="7" failures="0" errors="0" time="0.022217">
        <testcase name="test_actionNodeMomentCreate with data set #0" assertions="7" time="0.022217"/>
      </testsuite>
      <testsuite name="NodeMomentController_Test::test_actionNodeMomentCreateFail" tests="7" assertions="7" failures="0" errors="0" time="0.001677">
        <testcase name="test_actionNodeMomentCreateFail with data set #0" assertions="1" time="0.000223"/>
        <testcase name="test_actionNodeMomentCreateFail with data set #1" assertions="1" time="0.000282"/>
        <testcase name="test_actionNodeMomentCreateFail with data set #2" assertions="1" time="0.000419"/>
        <testcase name="test_actionNodeMomentCreateFail with data set #3" assertions="1" time="0.000206"/>
        <testcase name="test_actionNodeMomentCreateFail with data set #4" assertions="1" time="0.000174"/>
        <testcase name="test_actionNodeMomentCreateFail with data set #5" assertions="1" time="0.000179"/>
        <testcase name="test_actionNodeMomentCreateFail with data set #6" assertions="1" time="0.000194"/>
      </testsuite>
    </testsuite>
    <testsuite name="TaskController_Test" file="/var/www/task_api/src/protected/tests/controllers/TaskController.php" tests="11" assertions="16" failures="0" errors="0" time="0.048693">
      <testcase name="test_actionIndex" class="TaskController_Test" file="/var/www/task_api/src/protected/tests/controllers/TaskController.php" line="153" assertions="1" time="0.002739"/>
      <testsuite name="TaskController_Test::test_actionTaskCreate" tests="1" assertions="4" failures="0" errors="0" time="0.012047">
        <testcase name="test_actionTaskCreate with data set #0" assertions="4" time="0.012047"/>
      </testsuite>
      <testsuite name="TaskController_Test::test_actionTaskCreateFail" tests="4" assertions="4" failures="0" errors="0" time="0.000914">
        <testcase name="test_actionTaskCreateFail with data set #0" assertions="1" time="0.000234"/>
        <testcase name="test_actionTaskCreateFail with data set #1" assertions="1" time="0.000187"/>
        <testcase name="test_actionTaskCreateFail with data set #2" assertions="1" time="0.000217"/>
        <testcase name="test_actionTaskCreateFail with data set #3" assertions="1" time="0.000276"/>
      </testsuite>
      <testcase name="test_actionTaskRequest" class="TaskController_Test" file="/var/www/task_api/src/protected/tests/controllers/TaskController.php" line="203" assertions="3" time="0.021802"/>
      <testsuite name="TaskController_Test::test_actionTaskRequestFail" tests="3" assertions="3" failures="0" errors="0" time="0.001721">
        <testcase name="test_actionTaskRequestFail with data set #0" assertions="1" time="0.000725"/>
        <testcase name="test_actionTaskRequestFail with data set #1" assertions="1" time="0.000384"/>
        <testcase name="test_actionTaskRequestFail with data set #2" assertions="1" time="0.000612"/>
      </testsuite>
      <testsuite name="TaskController_Test::test_actionTaskRequestNoTask" tests="1" assertions="1" failures="0" errors="0" time="0.009470">
        <testcase name="test_actionTaskRequestNoTask with data set #0" assertions="1" time="0.009470"/>
      </testsuite>
    </testsuite>
  </testsuite>
</testsuites>
