<?xml version="1.0" encoding="UTF-8"?>
<testsuites>
  <testsuite name="template-generator" tests="1" assertions="1" failures="0" errors="0" time="0.000230">
    <testsuite name="WebTestCase" file="/var/www/task_api/src/protected/tests/WebTestCase.php" tests="1" assertions="1" failures="0" errors="0" time="0.000230">
      <testcase name="test_true" class="WebTestCase" file="/var/www/task_api/src/protected/tests/WebTestCase.php" line="19" assertions="1" time="0.000230"/>
    </testsuite>
  </testsuite>
</testsuites>
