<?xml version="1.0" encoding="UTF-8"?>
<testsuites>
  <testsuite name="template-generator" tests="27" assertions="274" failures="0" errors="0" time="0.211901">
    <testsuite name="NodeController_Test" file="/var/www/task_api/src/protected/tests/controllers/NodeController.php" tests="8" assertions="244" failures="0" errors="0" time="0.145015">
      <testsuite name="NodeController_Test::test_actionNodeCreate" tests="1" assertions="4" failures="0" errors="0" time="0.099095">
        <testcase name="test_actionNodeCreate with data set #0" assertions="4" time="0.099095"/>
      </testsuite>
      <testsuite name="NodeController_Test::test_actionNodeCreateFail" tests="4" assertions="4" failures="0" errors="0" time="0.001137">
        <testcase name="test_actionNodeCreateFail with data set #0" assertions="1" time="0.000345"/>
        <testcase name="test_actionNodeCreateFail with data set #1" assertions="1" time="0.000277"/>
        <testcase name="test_actionNodeCreateFail with data set #2" assertions="1" time="0.000217"/>
        <testcase name="test_actionNodeCreateFail with data set #3" assertions="1" time="0.000298"/>
      </testsuite>
      <testcase name="test_actionNodeList" class="NodeController_Test" file="/var/www/task_api/src/protected/tests/controllers/NodeController.php" line="148" assertions="231" time="0.014541"/>
      <testcase name="test_actionNodeMoment" class="NodeController_Test" file="/var/www/task_api/src/protected/tests/controllers/NodeController.php" line="172" assertions="4" time="0.029629"/>
      <testcase name="test_actionNodeMomentFail" class="NodeController_Test" file="/var/www/task_api/src/protected/tests/controllers/NodeController.php" line="198" assertions="1" time="0.000613"/>
    </testsuite>
    <testsuite name="NodeMomentController_Test" file="/var/www/task_api/src/protected/tests/controllers/NodeMomentController.php" tests="8" assertions="14" failures="0" errors="0" time="0.012133">
      <testsuite name="NodeMomentController_Test::test_actionNodeMomentCreate" tests="1" assertions="7" failures="0" errors="0" time="0.009864">
        <testcase name="test_actionNodeMomentCreate with data set #0" assertions="7" time="0.009864"/>
      </testsuite>
      <testsuite name="NodeMomentController_Test::test_actionNodeMomentCreateFail" tests="7" assertions="7" failures="0" errors="0" time="0.002270">
        <testcase name="test_actionNodeMomentCreateFail with data set #0" assertions="1" time="0.000263"/>
        <testcase name="test_actionNodeMomentCreateFail with data set #1" assertions="1" time="0.000356"/>
        <testcase name="test_actionNodeMomentCreateFail with data set #2" assertions="1" time="0.000218"/>
        <testcase name="test_actionNodeMomentCreateFail with data set #3" assertions="1" time="0.000373"/>
        <testcase name="test_actionNodeMomentCreateFail with data set #4" assertions="1" time="0.000328"/>
        <testcase name="test_actionNodeMomentCreateFail with data set #5" assertions="1" time="0.000400"/>
        <testcase name="test_actionNodeMomentCreateFail with data set #6" assertions="1" time="0.000332"/>
      </testsuite>
    </testsuite>
    <testsuite name="TaskController_Test" file="/var/www/task_api/src/protected/tests/controllers/TaskController.php" tests="11" assertions="16" failures="0" errors="0" time="0.054752">
      <testcase name="test_actionIndex" class="TaskController_Test" file="/var/www/task_api/src/protected/tests/controllers/TaskController.php" line="153" assertions="1" time="0.003478"/>
      <testsuite name="TaskController_Test::test_actionTaskCreate" tests="1" assertions="4" failures="0" errors="0" time="0.007749">
        <testcase name="test_actionTaskCreate with data set #0" assertions="4" time="0.007749"/>
      </testsuite>
      <testsuite name="TaskController_Test::test_actionTaskCreateFail" tests="4" assertions="4" failures="0" errors="0" time="0.001089">
        <testcase name="test_actionTaskCreateFail with data set #0" assertions="1" time="0.000277"/>
        <testcase name="test_actionTaskCreateFail with data set #1" assertions="1" time="0.000259"/>
        <testcase name="test_actionTaskCreateFail with data set #2" assertions="1" time="0.000273"/>
        <testcase name="test_actionTaskCreateFail with data set #3" assertions="1" time="0.000280"/>
      </testsuite>
      <testcase name="test_actionTaskRequest" class="TaskController_Test" file="/var/www/task_api/src/protected/tests/controllers/TaskController.php" line="203" assertions="3" time="0.019590"/>
      <testsuite name="TaskController_Test::test_actionTaskRequestFail" tests="3" assertions="3" failures="0" errors="0" time="0.001134">
        <testcase name="test_actionTaskRequestFail with data set #0" assertions="1" time="0.000291"/>
        <testcase name="test_actionTaskRequestFail with data set #1" assertions="1" time="0.000274"/>
        <testcase name="test_actionTaskRequestFail with data set #2" assertions="1" time="0.000569"/>
      </testsuite>
      <testsuite name="TaskController_Test::test_actionTaskRequestNoTask" tests="1" assertions="1" failures="0" errors="0" time="0.021712">
        <testcase name="test_actionTaskRequestNoTask with data set #0" assertions="1" time="0.021712"/>
      </testsuite>
    </testsuite>
  </testsuite>
</testsuites>
